<?xml version="1.0" encoding="UTF-8"?>
<!-- Generated by org.testng.reporters.JUnitReportReporter -->
<testsuite hostname="RBPMSBITRI" name="NomadAutomation.NewTest" tests="1" failures="0" timestamp="14 May 2018 12:15:02 GMT" time="7.972" errors="0">
  <testcase name="Ouverture" time="7.972" classname="NomadAutomation.NewTest"/>
</testsuite> <!-- NomadAutomation.NewTest -->
