<?xml version="1.0" encoding="UTF-8"?>
<!-- Generated by org.testng.reporters.JUnitReportReporter -->
<testsuite hostname="RBPMSBITRI" name="NomadAutomation.Test" tests="1" failures="0" timestamp="11 May 2018 10:00:02 GMT" time="10.477" errors="0">
  <testcase name="f2" time="10.477" classname="NomadAutomation.Test"/>
</testsuite> <!-- NomadAutomation.Test -->
